<?xml version="1.0" encoding="UTF-8"?>
<testsuite name="SwapSpec" tests="1" skipped="0" failures="1" errors="0" timestamp="2017-06-01T19:24:54" hostname="Cyberlion.fritz.box" time="0.058">
  <properties/>
  <testcase name="Test1" classname="SwapSpec" time="0.058">
    <failure message="org.codehaus.groovy.runtime.metaclass.MethodSelectionException: Could not find which method &lt;init&gt;() to invoke from this list:&#10;  public groovy.util.Node#&lt;init&gt;(groovy.util.Node, java.lang.Object, java.util.Map)&#10;  public groovy.util.Node#&lt;init&gt;(groovy.util.Node, java.lang.Object, java.lang.Object)&#10;  public groovy.util.Node#&lt;init&gt;(groovy.util.Node, java.lang.Object)&#10;  public groovy.util.Node#&lt;init&gt;(groovy.util.Node, java.lang.Object, java.util.Map, java.lang.Object)" type="org.codehaus.groovy.runtime.metaclass.MethodSelectionException">org.codehaus.groovy.runtime.metaclass.MethodSelectionException: Could not find which method &lt;init&gt;() to invoke from this list:
  public groovy.util.Node#&lt;init&gt;(groovy.util.Node, java.lang.Object, java.util.Map)
  public groovy.util.Node#&lt;init&gt;(groovy.util.Node, java.lang.Object, java.lang.Object)
  public groovy.util.Node#&lt;init&gt;(groovy.util.Node, java.lang.Object)
  public groovy.util.Node#&lt;init&gt;(groovy.util.Node, java.lang.Object, java.util.Map, java.lang.Object)
	at SwapSpec.Test1(SwapSpec.groovy:11)
</failure>
  </testcase>
  <system-out><![CDATA[]]></system-out>
  <system-err><![CDATA[]]></system-err>
</testsuite>
